#
# There is insufficient memory for the Java Runtime Environment to continue.
# Native memory allocation (malloc) failed to allocate 32744 bytes for ChunkPool::allocate
# Possible reasons:
#   The system is out of physical RAM or swap space
#   The process is running with CompressedOops enabled, and the Java Heap may be blocking the growth of the native heap
# Possible solutions:
#   Reduce memory load on the system
#   Increase physical memory or swap space
#   Check if swap backing store is full
#   Decrease Java heap size (-Xmx/-Xms)
#   Decrease number of Java threads
#   Decrease Java thread stack sizes (-Xss)
#   Set larger code cache with -XX:ReservedCodeCacheSize=
#   JVM is running with Unscaled Compressed Oops mode in which the Java heap is
#     placed in the first 4GB address space. The Java Heap base address is the
#     maximum limit for the native heap growth. Please use -XX:HeapBaseMinAddress
#     to set the Java Heap base and to place the Java Heap above 4GB virtual address.
# This output file may be truncated or incomplete.
#
#  Out of Memory Error (t:/workspace/open/src/hotspot/share/memory/arena.cpp:81), pid=5680, tid=8616
#
# JRE version: Java(TM) SE Runtime Environment (12.0.1+12) (build 12.0.1+12)
# Java VM: Java HotSpot(TM) 64-Bit Server VM (12.0.1+12, mixed mode, sharing, tiered, compressed oops, g1 gc, windows-amd64)
# No core dump will be written. Minidumps are not enabled by default on client versions of Windows
#

---------------  S U M M A R Y ------------

Command Line: -javaagent:C:\JetBrains\apps\IDEA-U\ch-0\191.7141.44\lib\idea_rt.jar=51967:C:\JetBrains\apps\IDEA-U\ch-0\191.7141.44\bin -Dfile.encoding=UTF-8 xyz.omnia96.service.ServiceApplicationKt

Host: Intel(R) Core(TM) i5-5200U CPU @ 2.20GHz, 4 cores, 7G,  Windows 10 , 64 bit Build 18898 (10.0.18898.1000)
Time: Mon Jun  3 23:54:41 2019 ?D1¨²¡À¨º¡Á?¨º¡À?? elapsed time: 5 seconds (0d 0h 0m 5s)

---------------  T H R E A D  ---------------

Current thread (0x000001c7238a4800):  JavaThread "C1 CompilerThread0" daemon [_thread_in_native, id=8616, stack(0x0000005325d00000,0x0000005325e00000)]


Current CompileTask:
C1:   5051 2031       3      
[error occurred during error reporting (printing current compile task), id 0xe0000001, Out of Memory Error (t:/workspace/open/src/hotspot/share/memory/arena.cpp:81)]

Stack: [0x0000005325d00000,0x0000005325e00000]
Native frames: (J=compiled Java code, j=interpreted, Vv=VM code, C=native code)
V  [jvm.dll+0x63948a]
V  [jvm.dll+0x78b31f]
V  [jvm.dll+0x78c9c1]
V  [jvm.dll+0x78d013]
V  [jvm.dll+0x262138]
V  [jvm.dll+0xc5a56]
V  [jvm.dll+0xc5dac]
V  [jvm.dll+0x708b3f]
V  [jvm.dll+0x708ca9]
V  [jvm.dll+0x518072]
V  [jvm.dll+0x5f06b9]
V  [jvm.dll+0x22e72f]
V  [jvm.dll+0x22ec6f]
V  [jvm.dll+0x78b1bd]
V  [jvm.dll+0x78c9c1]
V  [jvm.dll+0x78d013]
V  [jvm.dll+0x262138]
V  [jvm.dll+0xc5a56]
V  [jvm.dll+0xc5dac]
V  [jvm.dll+0x18033c]
V  [jvm.dll+0x18264b]
V  [jvm.dll+0x181a47]
V  [jvm.dll+0x17ef6d]
V  [jvm.dll+0x1318ff]
V  [jvm.dll+0x131109]
V  [jvm.dll+0x13133f]
V  [jvm.dll+0x1304a7]
V  [jvm.dll+0x132557]
V  [jvm.dll+0x22a534]
V  [jvm.dll+0x228b88]
V  [jvm.dll+0x74f660]
V  [jvm.dll+0x748648]
V  [jvm.dll+0x638566]
C  [ucrtbase.dll+0x209a2]
C  [KERNEL32.DLL+0x118a4]
C  [ntdll.dll+0x71131]


---------------  P R O C E S S  ---------------

Threads class SMR info:
_java_thread_list=0x000001c72555c9f0, length=13, elements={
0x000001c705477000, 0x000001c72387c800, 0x000001c72387f800, 0x000001c72389f000,
0x000001c7238a0800, 0x000001c7238a3800, 0x000001c7238a4800, 0x000001c72411c800,
0x000001c723862000, 0x000001c724358800, 0x000001c724359800, 0x000001c724aa5800,
0x000001c724d65800
}

Java Threads: ( => current thread )
  0x000001c705477000 JavaThread "main" [_thread_in_vm, id=14480, stack(0x0000005325100000,0x0000005325200000)]
  0x000001c72387c800 JavaThread "Reference Handler" daemon [_thread_blocked, id=13156, stack(0x0000005325800000,0x0000005325900000)]
  0x000001c72387f800 JavaThread "Finalizer" daemon [_thread_blocked, id=9644, stack(0x0000005325900000,0x0000005325a00000)]
  0x000001c72389f000 JavaThread "Signal Dispatcher" daemon [_thread_blocked, id=8336, stack(0x0000005325a00000,0x0000005325b00000)]
  0x000001c7238a0800 JavaThread "Attach Listener" daemon [_thread_blocked, id=4408, stack(0x0000005325b00000,0x0000005325c00000)]
  0x000001c7238a3800 JavaThread "C2 CompilerThread0" daemon [_thread_in_native, id=14248, stack(0x0000005325c00000,0x0000005325d00000)]
=>0x000001c7238a4800 JavaThread "C1 CompilerThread0" daemon [_thread_in_native, id=8616, stack(0x0000005325d00000,0x0000005325e00000)]
  0x000001c72411c800 JavaThread "Sweeper thread" daemon [_thread_blocked, id=15016, stack(0x0000005325e00000,0x0000005325f00000)]
  0x000001c723862000 JavaThread "Common-Cleaner" daemon [_thread_blocked, id=9808, stack(0x0000005325f00000,0x0000005326000000)]
  0x000001c724358800 JavaThread "Monitor Ctrl-Break" daemon [_thread_in_native, id=9088, stack(0x0000005326000000,0x0000005326100000)]
  0x000001c724359800 JavaThread "Service Thread" daemon [_thread_blocked, id=10348, stack(0x0000005326100000,0x0000005326200000)]
  0x000001c724aa5800 JavaThread "background-preinit" [_thread_in_vm, id=14172, stack(0x0000005326500000,0x0000005326600000)]
  0x000001c724d65800 JavaThread "C2 CompilerThread1" daemon [_thread_blocked, id=5132, stack(0x0000005326600000,0x0000005326700000)]

Other Threads:
  0x000001c723878800 VMThread "VM Thread" [stack: 0x0000005325700000,0x0000005325800000] [id=2684]
  0x000001c7244c8800 WatcherThread [stack: 0x0000005326200000,0x0000005326300000] [id=14180]
  0x000001c7054b3800 GCTaskThread "GC Thread#0" [stack: 0x0000005325200000,0x0000005325300000] [id=14112]
  0x000001c724ab0000 GCTaskThread "GC Thread#1" [stack: 0x0000005326300000,0x0000005326400000] [id=14760]
  0x000001c724ab0800 GCTaskThread "GC Thread#2" [stack: 0x0000005326400000,0x0000005326500000] [id=4592]
  0x000001c725b03000 GCTaskThread "GC Thread#3" [stack: 0x0000005326700000,0x0000005326800000] [id=13188]
  0x000001c7054c3800 ConcurrentGCThread "G1 Main Marker" [stack: 0x0000005325300000,0x0000005325400000] [id=10900]
  0x000001c7054c7800 ConcurrentGCThread "G1 Conc#0" [stack: 0x0000005325400000,0x0000005325500000] [id=8840]
  0x000001c723701800 ConcurrentGCThread "G1 Refine#0" [stack: 0x0000005325500000,0x0000005325600000] [id=15120]
  0x000001c723702000 ConcurrentGCThread "G1 Young RemSet Sampling" [stack: 0x0000005325600000,0x0000005325700000] [id=7364]

Threads with active compile tasks:
C2 CompilerThread0  1888   !   4       jdk.internal.loader.BuiltinClassLoader::loadClassOrNull (143 bytes)
C1 CompilerThread0  2031       3       org.springframework.asm.ClassReader::readCode (5085 bytes)

VM state:not at safepoint (normal execution)

VM Mutex/Monitor currently owned by a thread: None

Heap address: 0x0000000081800000, size: 2024 MB, Compressed Oops mode: 32-bit
Narrow klass base: 0x0000000800000000, Narrow klass shift: 3
Compressed class space size: 1073741824 Address: 0x00000008011a0000

Heap:
 garbage-first heap   total 131072K, used 11024K [0x0000000081800000, 0x0000000100000000)
  region size 1024K, 10 young (10240K), 6 survivors (6144K)
 Metaspace       used 19007K, capacity 19505K, committed 19712K, reserved 1067008K
  class space    used 2340K, capacity 2547K, committed 2560K, reserved 1048576K
Heap Regions: E=young(eden), S=young(survivor), O=old, HS=humongous(starts), HC=humongous(continues), CS=collection set, F=free, A=archive, TAMS=top-at-mark-start (previous, next)
|   0|0x0000000081800000, 0x0000000081900000, 0x0000000081900000|100%| O|  |TAMS 0x0000000081800000, 0x0000000081800000| Untracked 
|   1|0x0000000081900000, 0x0000000081a00000, 0x0000000081a00000|100%| O|  |TAMS 0x0000000081900000, 0x0000000081900000| Untracked 
|   2|0x0000000081a00000, 0x0000000081a17000, 0x0000000081b00000|  8%| O|  |TAMS 0x0000000081a00000, 0x0000000081a00000| Untracked 
|   3|0x0000000081b00000, 0x0000000081b00000, 0x0000000081c00000|  0%| F|  |TAMS 0x0000000081b00000, 0x0000000081b00000| Untracked 
|   4|0x0000000081c00000, 0x0000000081c00000, 0x0000000081d00000|  0%| F|  |TAMS 0x0000000081c00000, 0x0000000081c00000| Untracked 
|   5|0x0000000081d00000, 0x0000000081d00000, 0x0000000081e00000|  0%| F|  |TAMS 0x0000000081d00000, 0x0000000081d00000| Untracked 
|   6|0x0000000081e00000, 0x0000000081e00000, 0x0000000081f00000|  0%| F|  |TAMS 0x0000000081e00000, 0x0000000081e00000| Untracked 
|   7|0x0000000081f00000, 0x0000000081f00000, 0x0000000082000000|  0%| F|  |TAMS 0x0000000081f00000, 0x0000000081f00000| Untracked 
|   8|0x0000000082000000, 0x0000000082000000, 0x0000000082100000|  0%| F|  |TAMS 0x0000000082000000, 0x0000000082000000| Untracked 
|   9|0x0000000082100000, 0x0000000082100000, 0x0000000082200000|  0%| F|  |TAMS 0x0000000082100000, 0x0000000082100000| Untracked 
|  10|0x0000000082200000, 0x0000000082200000, 0x0000000082300000|  0%| F|  |TAMS 0x0000000082200000, 0x0000000082200000| Untracked 
|  11|0x0000000082300000, 0x0000000082300000, 0x0000000082400000|  0%| F|  |TAMS 0x0000000082300000, 0x0000000082300000| Untracked 
|  12|0x0000000082400000, 0x0000000082400000, 0x0000000082500000|  0%| F|  |TAMS 0x0000000082400000, 0x0000000082400000| Untracked 
|  13|0x0000000082500000, 0x0000000082500000, 0x0000000082600000|  0%| F|  |TAMS 0x0000000082500000, 0x0000000082500000| Untracked 
|  14|0x0000000082600000, 0x0000000082600000, 0x0000000082700000|  0%| F|  |TAMS 0x0000000082600000, 0x0000000082600000| Untracked 
|  15|0x0000000082700000, 0x0000000082700000, 0x0000000082800000|  0%| F|  |TAMS 0x0000000082700000, 0x0000000082700000| Untracked 
|  16|0x0000000082800000, 0x0000000082800000, 0x0000000082900000|  0%| F|  |TAMS 0x0000000082800000, 0x0000000082800000| Untracked 
|  17|0x0000000082900000, 0x0000000082900000, 0x0000000082a00000|  0%| F|  |TAMS 0x0000000082900000, 0x0000000082900000| Untracked 
|  18|0x0000000082a00000, 0x0000000082a00000, 0x0000000082b00000|  0%| F|  |TAMS 0x0000000082a00000, 0x0000000082a00000| Untracked 
|  19|0x0000000082b00000, 0x0000000082b00000, 0x0000000082c00000|  0%| F|  |TAMS 0x0000000082b00000, 0x0000000082b00000| Untracked 
|  20|0x0000000082c00000, 0x0000000082c00000, 0x0000000082d00000|  0%| F|  |TAMS 0x0000000082c00000, 0x0000000082c00000| Untracked 
|  21|0x0000000082d00000, 0x0000000082d00000, 0x0000000082e00000|  0%| F|  |TAMS 0x0000000082d00000, 0x0000000082d00000| Untracked 
|  22|0x0000000082e00000, 0x0000000082e00000, 0x0000000082f00000|  0%| F|  |TAMS 0x0000000082e00000, 0x0000000082e00000| Untracked 
|  23|0x0000000082f00000, 0x0000000082f00000, 0x0000000083000000|  0%| F|  |TAMS 0x0000000082f00000, 0x0000000082f00000| Untracked 
|  24|0x0000000083000000, 0x0000000083000000, 0x0000000083100000|  0%| F|  |TAMS 0x0000000083000000, 0x0000000083000000| Untracked 
|  25|0x0000000083100000, 0x0000000083100000, 0x0000000083200000|  0%| F|  |TAMS 0x0000000083100000, 0x0000000083100000| Untracked 
|  26|0x0000000083200000, 0x0000000083200000, 0x0000000083300000|  0%| F|  |TAMS 0x0000000083200000, 0x0000000083200000| Untracked 
|  27|0x0000000083300000, 0x0000000083300000, 0x0000000083400000|  0%| F|  |TAMS 0x0000000083300000, 0x0000000083300000| Untracked 
|  28|0x0000000083400000, 0x0000000083400000, 0x0000000083500000|  0%| F|  |TAMS 0x0000000083400000, 0x0000000083400000| Untracked 
|  29|0x0000000083500000, 0x0000000083500000, 0x0000000083600000|  0%| F|  |TAMS 0x0000000083500000, 0x0000000083500000| Untracked 
|  30|0x0000000083600000, 0x0000000083600000, 0x0000000083700000|  0%| F|  |TAMS 0x0000000083600000, 0x0000000083600000| Untracked 
|  31|0x0000000083700000, 0x0000000083700000, 0x0000000083800000|  0%| F|  |TAMS 0x0000000083700000, 0x0000000083700000| Untracked 
|  32|0x0000000083800000, 0x0000000083800000, 0x0000000083900000|  0%| F|  |TAMS 0x0000000083800000, 0x0000000083800000| Untracked 
|  33|0x0000000083900000, 0x0000000083900000, 0x0000000083a00000|  0%| F|  |TAMS 0x0000000083900000, 0x0000000083900000| Untracked 
|  34|0x0000000083a00000, 0x0000000083a00000, 0x0000000083b00000|  0%| F|  |TAMS 0x0000000083a00000, 0x0000000083a00000| Untracked 
|  35|0x0000000083b00000, 0x0000000083b00000, 0x0000000083c00000|  0%| F|  |TAMS 0x0000000083b00000, 0x0000000083b00000| Untracked 
|  36|0x0000000083c00000, 0x0000000083c00000, 0x0000000083d00000|  0%| F|  |TAMS 0x0000000083c00000, 0x0000000083c00000| Untracked 
|  37|0x0000000083d00000, 0x0000000083d00000, 0x0000000083e00000|  0%| F|  |TAMS 0x0000000083d00000, 0x0000000083d00000| Untracked 
|  38|0x0000000083e00000, 0x0000000083e00000, 0x0000000083f00000|  0%| F|  |TAMS 0x0000000083e00000, 0x0000000083e00000| Untracked 
|  39|0x0000000083f00000, 0x0000000083f00000, 0x0000000084000000|  0%| F|  |TAMS 0x0000000083f00000, 0x0000000083f00000| Untracked 
|  40|0x0000000084000000, 0x0000000084000000, 0x0000000084100000|  0%| F|  |TAMS 0x0000000084000000, 0x0000000084000000| Untracked 
|  41|0x0000000084100000, 0x0000000084100000, 0x0000000084200000|  0%| F|  |TAMS 0x0000000084100000, 0x0000000084100000| Untracked 
|  42|0x0000000084200000, 0x0000000084200000, 0x0000000084300000|  0%| F|  |TAMS 0x0000000084200000, 0x0000000084200000| Untracked 
|  43|0x0000000084300000, 0x0000000084300000, 0x0000000084400000|  0%| F|  |TAMS 0x0000000084300000, 0x0000000084300000| Untracked 
|  44|0x0000000084400000, 0x0000000084400000, 0x0000000084500000|  0%| F|  |TAMS 0x0000000084400000, 0x0000000084400000| Untracked 
|  45|0x0000000084500000, 0x0000000084500000, 0x0000000084600000|  0%| F|  |TAMS 0x0000000084500000, 0x0000000084500000| Untracked 
|  46|0x0000000084600000, 0x00000000846ad020, 0x0000000084700000| 67%| S|CS|TAMS 0x0000000084600000, 0x0000000084600000| Complete 
|  47|0x0000000084700000, 0x0000000084800000, 0x0000000084800000|100%| S|CS|TAMS 0x0000000084700000, 0x0000000084700000| Complete 
|  48|0x0000000084800000, 0x0000000084900000, 0x0000000084900000|100%| S|CS|TAMS 0x0000000084800000, 0x0000000084800000| Complete 
|  49|0x0000000084900000, 0x0000000084a00000, 0x0000000084a00000|100%| S|CS|TAMS 0x0000000084900000, 0x0000000084900000| Complete 
|  50|0x0000000084a00000, 0x0000000084b00000, 0x0000000084b00000|100%| S|CS|TAMS 0x0000000084a00000, 0x0000000084a00000| Complete 
|  51|0x0000000084b00000, 0x0000000084c00000, 0x0000000084c00000|100%| S|CS|TAMS 0x0000000084b00000, 0x0000000084b00000| Complete 
|  52|0x0000000084c00000, 0x0000000084c00000, 0x0000000084d00000|  0%| F|  |TAMS 0x0000000084c00000, 0x0000000084c00000| Untracked 
|  53|0x0000000084d00000, 0x0000000084d00000, 0x0000000084e00000|  0%| F|  |TAMS 0x0000000084d00000, 0x0000000084d00000| Untracked 
|  54|0x0000000084e00000, 0x0000000084e00000, 0x0000000084f00000|  0%| F|  |TAMS 0x0000000084e00000, 0x0000000084e00000| Untracked 
|  55|0x0000000084f00000, 0x0000000084f00000, 0x0000000085000000|  0%| F|  |TAMS 0x0000000084f00000, 0x0000000084f00000| Untracked 
|  56|0x0000000085000000, 0x0000000085000000, 0x0000000085100000|  0%| F|  |TAMS 0x0000000085000000, 0x0000000085000000| Untracked 
|  57|0x0000000085100000, 0x0000000085100000, 0x0000000085200000|  0%| F|  |TAMS 0x0000000085100000, 0x0000000085100000| Untracked 
|  58|0x0000000085200000, 0x0000000085200000, 0x0000000085300000|  0%| F|  |TAMS 0x0000000085200000, 0x0000000085200000| Untracked 
|  59|0x0000000085300000, 0x0000000085300000, 0x0000000085400000|  0%| F|  |TAMS 0x0000000085300000, 0x0000000085300000| Untracked 
|  60|0x0000000085400000, 0x0000000085400000, 0x0000000085500000|  0%| F|  |TAMS 0x0000000085400000, 0x0000000085400000| Untracked 
|  61|0x0000000085500000, 0x0000000085500000, 0x0000000085600000|  0%| F|  |TAMS 0x0000000085500000, 0x0000000085500000| Untracked 
|  62|0x0000000085600000, 0x0000000085600000, 0x0000000085700000|  0%| F|  |TAMS 0x0000000085600000, 0x0000000085600000| Untracked 
|  63|0x0000000085700000, 0x0000000085700000, 0x0000000085800000|  0%| F|  |TAMS 0x0000000085700000, 0x0000000085700000| Untracked 
|  64|0x0000000085800000, 0x0000000085800000, 0x0000000085900000|  0%| F|  |TAMS 0x0000000085800000, 0x0000000085800000| Untracked 
|  65|0x0000000085900000, 0x0000000085900000, 0x0000000085a00000|  0%| F|  |TAMS 0x0000000085900000, 0x0000000085900000| Untracked 
|  66|0x0000000085a00000, 0x0000000085a00000, 0x0000000085b00000|  0%| F|  |TAMS 0x0000000085a00000, 0x0000000085a00000| Untracked 
|  67|0x0000000085b00000, 0x0000000085b00000, 0x0000000085c00000|  0%| F|  |TAMS 0x0000000085b00000, 0x0000000085b00000| Untracked 
|  68|0x0000000085c00000, 0x0000000085c00000, 0x0000000085d00000|  0%| F|  |TAMS 0x0000000085c00000, 0x0000000085c00000| Untracked 
|  69|0x0000000085d00000, 0x0000000085d00000, 0x0000000085e00000|  0%| F|  |TAMS 0x0000000085d00000, 0x0000000085d00000| Untracked 
|  70|0x0000000085e00000, 0x0000000085e00000, 0x0000000085f00000|  0%| F|  |TAMS 0x0000000085e00000, 0x0000000085e00000| Untracked 
|  71|0x0000000085f00000, 0x0000000085f00000, 0x0000000086000000|  0%| F|  |TAMS 0x0000000085f00000, 0x0000000085f00000| Untracked 
|  72|0x0000000086000000, 0x0000000086000000, 0x0000000086100000|  0%| F|  |TAMS 0x0000000086000000, 0x0000000086000000| Untracked 
|  73|0x0000000086100000, 0x0000000086100000, 0x0000000086200000|  0%| F|  |TAMS 0x0000000086100000, 0x0000000086100000| Untracked 
|  74|0x0000000086200000, 0x0000000086200000, 0x0000000086300000|  0%| F|  |TAMS 0x0000000086200000, 0x0000000086200000| Untracked 
|  75|0x0000000086300000, 0x0000000086300000, 0x0000000086400000|  0%| F|  |TAMS 0x0000000086300000, 0x0000000086300000| Untracked 
|  76|0x0000000086400000, 0x0000000086400000, 0x0000000086500000|  0%| F|  |TAMS 0x0000000086400000, 0x0000000086400000| Untracked 
|  77|0x0000000086500000, 0x0000000086500000, 0x0000000086600000|  0%| F|  |TAMS 0x0000000086500000, 0x0000000086500000| Untracked 
|  78|0x0000000086600000, 0x0000000086600000, 0x0000000086700000|  0%| F|  |TAMS 0x0000000086600000, 0x0000000086600000| Untracked 
|  79|0x0000000086700000, 0x0000000086700000, 0x0000000086800000|  0%| F|  |TAMS 0x0000000086700000, 0x0000000086700000| Untracked 
|  80|0x0000000086800000, 0x0000000086800000, 0x0000000086900000|  0%| F|  |TAMS 0x0000000086800000, 0x0000000086800000| Untracked 
|  81|0x0000000086900000, 0x0000000086900000, 0x0000000086a00000|  0%| F|  |TAMS 0x0000000086900000, 0x0000000086900000| Untracked 
|  82|0x0000000086a00000, 0x0000000086a00000, 0x0000000086b00000|  0%| F|  |TAMS 0x0000000086a00000, 0x0000000086a00000| Untracked 
|  83|0x0000000086b00000, 0x0000000086b00000, 0x0000000086c00000|  0%| F|  |TAMS 0x0000000086b00000, 0x0000000086b00000| Untracked 
|  84|0x0000000086c00000, 0x0000000086c00000, 0x0000000086d00000|  0%| F|  |TAMS 0x0000000086c00000, 0x0000000086c00000| Untracked 
|  85|0x0000000086d00000, 0x0000000086d00000, 0x0000000086e00000|  0%| F|  |TAMS 0x0000000086d00000, 0x0000000086d00000| Untracked 
|  86|0x0000000086e00000, 0x0000000086e00000, 0x0000000086f00000|  0%| F|  |TAMS 0x0000000086e00000, 0x0000000086e00000| Untracked 
|  87|0x0000000086f00000, 0x0000000086f00000, 0x0000000087000000|  0%| F|  |TAMS 0x0000000086f00000, 0x0000000086f00000| Untracked 
|  88|0x0000000087000000, 0x0000000087000000, 0x0000000087100000|  0%| F|  |TAMS 0x0000000087000000, 0x0000000087000000| Untracked 
|  89|0x0000000087100000, 0x0000000087100000, 0x0000000087200000|  0%| F|  |TAMS 0x0000000087100000, 0x0000000087100000| Untracked 
|  90|0x0000000087200000, 0x0000000087200000, 0x0000000087300000|  0%| F|  |TAMS 0x0000000087200000, 0x0000000087200000| Untracked 
|  91|0x0000000087300000, 0x0000000087300000, 0x0000000087400000|  0%| F|  |TAMS 0x0000000087300000, 0x0000000087300000| Untracked 
|  92|0x0000000087400000, 0x0000000087400000, 0x0000000087500000|  0%| F|  |TAMS 0x0000000087400000, 0x0000000087400000| Untracked 
|  93|0x0000000087500000, 0x0000000087500000, 0x0000000087600000|  0%| F|  |TAMS 0x0000000087500000, 0x0000000087500000| Untracked 
|  94|0x0000000087600000, 0x0000000087600000, 0x0000000087700000|  0%| F|  |TAMS 0x0000000087600000, 0x0000000087600000| Untracked 
|  95|0x0000000087700000, 0x0000000087700000, 0x0000000087800000|  0%| F|  |TAMS 0x0000000087700000, 0x0000000087700000| Untracked 
|  96|0x0000000087800000, 0x0000000087800000, 0x0000000087900000|  0%| F|  |TAMS 0x0000000087800000, 0x0000000087800000| Untracked 
|  97|0x0000000087900000, 0x0000000087900000, 0x0000000087a00000|  0%| F|  |TAMS 0x0000000087900000, 0x0000000087900000| Untracked 
|  98|0x0000000087a00000, 0x0000000087a00000, 0x0000000087b00000|  0%| F|  |TAMS 0x0000000087a00000, 0x0000000087a00000| Untracked 
|  99|0x0000000087b00000, 0x0000000087b00000, 0x0000000087c00000|  0%| F|  |TAMS 0x0000000087b00000, 0x0000000087b00000| Untracked 
| 100|0x0000000087c00000, 0x0000000087c00000, 0x0000000087d00000|  0%| F|  |TAMS 0x0000000087c00000, 0x0000000087c00000| Untracked 
| 101|0x0000000087d00000, 0x0000000087d00000, 0x0000000087e00000|  0%| F|  |TAMS 0x0000000087d00000, 0x0000000087d00000| Untracked 
| 102|0x0000000087e00000, 0x0000000087e00000, 0x0000000087f00000|  0%| F|  |TAMS 0x0000000087e00000, 0x0000000087e00000| Untracked 
| 103|0x0000000087f00000, 0x0000000087f00000, 0x0000000088000000|  0%| F|  |TAMS 0x0000000087f00000, 0x0000000087f00000| Untracked 
| 104|0x0000000088000000, 0x0000000088000000, 0x0000000088100000|  0%| F|  |TAMS 0x0000000088000000, 0x0000000088000000| Untracked 
| 105|0x0000000088100000, 0x0000000088100000, 0x0000000088200000|  0%| F|  |TAMS 0x0000000088100000, 0x0000000088100000| Untracked 
| 106|0x0000000088200000, 0x0000000088200000, 0x0000000088300000|  0%| F|  |TAMS 0x0000000088200000, 0x0000000088200000| Untracked 
| 107|0x0000000088300000, 0x0000000088300000, 0x0000000088400000|  0%| F|  |TAMS 0x0000000088300000, 0x0000000088300000| Untracked 
| 108|0x0000000088400000, 0x0000000088400000, 0x0000000088500000|  0%| F|  |TAMS 0x0000000088400000, 0x0000000088400000| Untracked 
| 109|0x0000000088500000, 0x0000000088500000, 0x0000000088600000|  0%| F|  |TAMS 0x0000000088500000, 0x0000000088500000| Untracked 
| 110|0x0000000088600000, 0x0000000088600000, 0x0000000088700000|  0%| F|  |TAMS 0x0000000088600000, 0x0000000088600000| Untracked 
| 111|0x0000000088700000, 0x0000000088700000, 0x0000000088800000|  0%| F|  |TAMS 0x0000000088700000, 0x0000000088700000| Untracked 
| 112|0x0000000088800000, 0x0000000088800000, 0x0000000088900000|  0%| F|  |TAMS 0x0000000088800000, 0x0000000088800000| Untracked 
| 113|0x0000000088900000, 0x0000000088900000, 0x0000000088a00000|  0%| F|  |TAMS 0x0000000088900000, 0x0000000088900000| Untracked 
| 114|0x0000000088a00000, 0x0000000088a00000, 0x0000000088b00000|  0%| F|  |TAMS 0x0000000088a00000, 0x0000000088a00000| Untracked 
| 115|0x0000000088b00000, 0x0000000088b00000, 0x0000000088c00000|  0%| F|  |TAMS 0x0000000088b00000, 0x0000000088b00000| Untracked 
| 116|0x0000000088c00000, 0x0000000088c00000, 0x0000000088d00000|  0%| F|  |TAMS 0x0000000088c00000, 0x0000000088c00000| Untracked 
| 117|0x0000000088d00000, 0x0000000088d00000, 0x0000000088e00000|  0%| F|  |TAMS 0x0000000088d00000, 0x0000000088d00000| Untracked 
| 118|0x0000000088e00000, 0x0000000088e00000, 0x0000000088f00000|  0%| F|  |TAMS 0x0000000088e00000, 0x0000000088e00000| Untracked 
| 119|0x0000000088f00000, 0x0000000088f00000, 0x0000000089000000|  0%| F|  |TAMS 0x0000000088f00000, 0x0000000088f00000| Untracked 
| 120|0x0000000089000000, 0x0000000089000000, 0x0000000089100000|  0%| F|  |TAMS 0x0000000089000000, 0x0000000089000000| Untracked 
| 121|0x0000000089100000, 0x0000000089100000, 0x0000000089200000|  0%| F|  |TAMS 0x0000000089100000, 0x0000000089100000| Untracked 
| 122|0x0000000089200000, 0x0000000089200000, 0x0000000089300000|  0%| F|  |TAMS 0x0000000089200000, 0x0000000089200000| Untracked 
| 123|0x0000000089300000, 0x0000000089300000, 0x0000000089400000|  0%| F|  |TAMS 0x0000000089300000, 0x0000000089300000| Untracked 
| 124|0x0000000089400000, 0x0000000089500000, 0x0000000089500000|100%| E|  |TAMS 0x0000000089400000, 0x0000000089400000| Complete 
| 125|0x0000000089500000, 0x0000000089600000, 0x0000000089600000|100%| E|CS|TAMS 0x0000000089500000, 0x0000000089500000| Complete 
| 126|0x0000000089600000, 0x0000000089700000, 0x0000000089700000|100%| E|CS|TAMS 0x0000000089600000, 0x0000000089600000| Complete 
| 127|0x0000000089700000, 0x0000000089800000, 0x0000000089800000|100%| E|CS|TAMS 0x0000000089700000, 0x0000000089700000| Complete 

Card table byte_map: [0x000001c71cc70000,0x000001c71d070000] _byte_map_base: 0x000001c71c864000

Marking Bits (Prev, Next): (CMBitMap*) 0x000001c7054b5f38, (CMBitMap*) 0x000001c7054b5f78
 Prev Bits: [0x000001c71d470000, 0x000001c71f410000)
 Next Bits: [0x000001c71f410000, 0x000001c7213b0000)

Polling page: 0x000001c7033a0000

Metaspace:

Usage:
  Non-class:     16.56 MB capacity,    16.28 MB ( 98%) used,   242.70 KB (  1%) free+waste,    48.13 KB ( <1%) overhead. 
      Class:      2.49 MB capacity,     2.29 MB ( 92%) used,   182.75 KB (  7%) free+waste,    24.06 KB ( <1%) overhead. 
       Both:     19.05 MB capacity,    18.56 MB ( 97%) used,   425.45 KB (  2%) free+waste,    72.19 KB ( <1%) overhead. 

Virtual space:
  Non-class space:       18.00 MB reserved,      16.75 MB ( 93%) committed 
      Class space:        1.00 GB reserved,       2.50 MB ( <1%) committed 
             Both:        1.02 GB reserved,      19.25 MB (  2%) committed 

Chunk freelists:
   Non-Class:  256 bytes
       Class:  1.63 KB
        Both:  1.88 KB

CodeHeap 'non-profiled nmethods': size=120064Kb used=785Kb max_used=785Kb free=119278Kb
 bounds [0x000001c715330000, 0x000001c7155a0000, 0x000001c71c870000]
CodeHeap 'profiled nmethods': size=120000Kb used=3994Kb max_used=3994Kb free=116005Kb
 bounds [0x000001c70de00000, 0x000001c70e1f0000, 0x000001c715330000]
CodeHeap 'non-nmethods': size=5696Kb used=1168Kb max_used=1191Kb free=4527Kb
 bounds [0x000001c70d870000, 0x000001c70dae0000, 0x000001c70de00000]
 total_blobs=2981 nmethods=1915 adapters=403
 compilation: enabled
              stopped_count=0, restarted_count=0
 full_count=0

Compilation events (10 events):
Event: 5.024 Thread 0x000001c724d65800 1992       4       jdk.internal.module.ModuleReferenceImpl::hashCode (56 bytes)
Event: 5.025 Thread 0x000001c724d65800 nmethod 1992 0x000001c7153f3690 code [0x000001c7153f3820, 0x000001c7153f38b8]
Event: 5.025 Thread 0x000001c724d65800 1991       4       jdk.internal.module.SystemModuleFinders$SystemModuleReader::find (54 bytes)
Event: 5.026 Thread 0x000001c724d65800 nmethod 1991 0x000001c7153f3990 code [0x000001c7153f3b40, 0x000001c7153f3c08]
Event: 5.026 Thread 0x000001c724d65800 2023       4       java.util.AbstractCollection::isEmpty (13 bytes)
Event: 5.026 Thread 0x000001c724d65800 nmethod 2023 0x000001c7153f3d10 code [0x000001c7153f3ea0, 0x000001c7153f3f38]
Event: 5.026 Thread 0x000001c724d65800 2026       4       org.springframework.asm.ClassReader::readInt (52 bytes)
Event: 5.028 Thread 0x000001c724d65800 nmethod 2026 0x000001c7153f4010 code [0x000001c7153f41a0, 0x000001c7153f4298]
Event: 5.037 Thread 0x000001c724d65800 2034       4       java.nio.MappedByteBuffer::limit (6 bytes)
Event: 5.038 Thread 0x000001c724d65800 nmethod 2034 0x000001c7153f4390 code [0x000001c7153f4520, 0x000001c7153f4618]

GC Heap History (4 events):
Event: 1.973 GC heap before
{Heap before GC invocations=0 (full 0):
 garbage-first heap   total 131072K, used 13312K [0x0000000081800000, 0x0000000100000000)
  region size 1024K, 14 young (14336K), 0 survivors (0K)
 Metaspace       used 3652K, capacity 6146K, committed 6272K, reserved 1056768K
  class space    used 386K, capacity 623K, committed 640K, reserved 1048576K
}
Event: 2.029 GC heap after
{Heap after GC invocations=1 (full 0):
 garbage-first heap   total 131072K, used 4188K [0x0000000081800000, 0x0000000100000000)
  region size 1024K, 2 young (2048K), 2 survivors (2048K)
 Metaspace       used 3652K, capacity 6146K, committed 6272K, reserved 1056768K
  class space    used 386K, capacity 623K, committed 640K, reserved 1048576K
}
Event: 4.840 GC heap before
{Heap before GC invocations=1 (full 0):
 garbage-first heap   total 131072K, used 79964K [0x0000000081800000, 0x0000000100000000)
  region size 1024K, 76 young (77824K), 2 survivors (2048K)
 Metaspace       used 18531K, capacity 19013K, committed 19200K, reserved 1067008K
  class space    used 2296K, capacity 2513K, committed 2560K, reserved 1048576K
}
Event: 4.854 GC heap after
{Heap after GC invocations=2 (full 0):
 garbage-first heap   total 131072K, used 7952K [0x0000000081800000, 0x0000000100000000)
  region size 1024K, 6 young (6144K), 6 survivors (6144K)
 Metaspace       used 18531K, capacity 19013K, committed 19200K, reserved 1067008K
  class space    used 2296K, capacity 2513K, committed 2560K, reserved 1048576K
}

Deoptimization events (10 events):
Event: 3.761 Thread 0x000001c724aa5800 Uncommon trap: reason=unstable_if action=reinterpret pc=0x000001c71538ed6c method=java.util.jar.Manifest$FastInputStream.readLine([BII)I @ 90 c2
Event: 3.840 Thread 0x000001c705477000 Uncommon trap: reason=bimorphic_or_optimized_type_check action=maybe_recompile pc=0x000001c7153bab4c method=java.util.HashMap.putVal(ILjava/lang/Object;Ljava/lang/Object;ZZ)Ljava/lang/Object; @ 253 c2
Event: 3.840 Thread 0x000001c705477000 Uncommon trap: reason=bimorphic_or_optimized_type_check action=maybe_recompile pc=0x000001c7153bab4c method=java.util.HashMap.putVal(ILjava/lang/Object;Ljava/lang/Object;ZZ)Ljava/lang/Object; @ 253 c2
Event: 4.158 Thread 0x000001c705477000 Uncommon trap: reason=unstable_if action=reinterpret pc=0x000001c71535ee10 method=java.lang.String.startsWith(Ljava/lang/String;I)Z @ 1 c2
Event: 4.289 Thread 0x000001c705477000 Uncommon trap: reason=unstable_if action=reinterpret pc=0x000001c71535207c method=java.util.zip.ZipFile$Source.getEntryPos([BZ)I @ 156 c2
Event: 4.625 Thread 0x000001c705477000 Uncommon trap: reason=unstable_if action=reinterpret pc=0x000001c7153e36b4 method=java.util.concurrent.ConcurrentHashMap.putVal(Ljava/lang/Object;Ljava/lang/Object;Z)Ljava/lang/Object; @ 231 c2
Event: 5.036 Thread 0x000001c705477000 Uncommon trap: reason=profile_predicate action=maybe_recompile pc=0x000001c7153f0544 method=jdk.internal.jimage.ImageStringsReader.charsFromByteBuffer([CLjava/nio/ByteBuffer;)V @ 6 c2
Event: 5.037 Thread 0x000001c705477000 Uncommon trap: reason=profile_predicate action=maybe_recompile pc=0x000001c7153f0544 method=jdk.internal.jimage.ImageStringsReader.charsFromByteBuffer([CLjava/nio/ByteBuffer;)V @ 6 c2
Event: 5.037 Thread 0x000001c705477000 Uncommon trap: reason=profile_predicate action=maybe_recompile pc=0x000001c7153f0544 method=jdk.internal.jimage.ImageStringsReader.charsFromByteBuffer([CLjava/nio/ByteBuffer;)V @ 6 c2
Event: 5.037 Thread 0x000001c705477000 Uncommon trap: reason=profile_predicate action=maybe_recompile pc=0x000001c7153f0544 method=jdk.internal.jimage.ImageStringsReader.charsFromByteBuffer([CLjava/nio/ByteBuffer;)V @ 6 c2

Classes redefined (0 events):
No events

Internal exceptions (10 events):
Event: 4.199 Thread 0x000001c705477000 Exception <a 'java/lang/ClassNotFoundException'{0x0000000086415500}: org/springframework/beans/factory/BeanClassLoaderAwareCustomizer> (0x0000000086415500) thrown at [t:/workspace/open/src/hotspot/share/classfile/systemDictionary.cpp, line 235]
Event: 4.201 Thread 0x000001c705477000 Exception <a 'java/lang/ClassNotFoundException'{0x000000008641ed80}: org/springframework/beans/factory/AwareCustomizer> (0x000000008641ed80) thrown at [t:/workspace/open/src/hotspot/share/classfile/systemDictionary.cpp, line 235]
Event: 4.202 Thread 0x000001c705477000 Exception <a 'java/lang/ClassNotFoundException'{0x0000000086427ac0}: org/springframework/context/EnvironmentAwareCustomizer> (0x0000000086427ac0) thrown at [t:/workspace/open/src/hotspot/share/classfile/systemDictionary.cpp, line 235]
Event: 4.208 Thread 0x000001c705477000 Exception <a 'java/lang/ClassNotFoundException'{0x0000000086431290}: org/springframework/beans/factory/AwareCustomizer> (0x0000000086431290) thrown at [t:/workspace/open/src/hotspot/share/classfile/systemDictionary.cpp, line 235]
Event: 4.593 Thread 0x000001c724aa5800 Exception <a 'java/lang/NoSuchMethodError'{0x0000000085504088}: java.lang.invoke.DirectMethodHandle$Holder.invokeStatic(Ljava/lang/Object;Ljava/lang/Object;)J> (0x0000000085504088) thrown at [t:/workspace/open/src/hotspot/share/interpreter/linkResolver.cp
Event: 4.594 Thread 0x000001c724aa5800 Exception <a 'java/lang/NoSuchMethodError'{0x0000000085506ea0}: java.lang.invoke.DirectMethodHandle$Holder.invokeStaticInit(Ljava/lang/Object;Ljava/lang/Object;)J> (0x0000000085506ea0) thrown at [t:/workspace/open/src/hotspot/share/interpreter/linkResolve
Event: 4.598 Thread 0x000001c724aa5800 Exception <a 'java/lang/NoSuchMethodError'{0x00000000855128d0}: java.lang.invoke.DirectMethodHandle$Holder.invokeInterface(Ljava/lang/Object;Ljava/lang/Object;)J> (0x00000000855128d0) thrown at [t:/workspace/open/src/hotspot/share/interpreter/linkResolver
Event: 4.599 Thread 0x000001c724aa5800 Exception <a 'java/lang/IncompatibleClassChangeError'{0x00000000855153f0}: Found class java.lang.Object, but interface was expected> (0x00000000855153f0) thrown at [t:/workspace/open/src/hotspot/share/interpreter/linkResolver.cpp, line 843]
Event: 4.649 Thread 0x000001c705477000 Exception <a 'java/lang/IncompatibleClassChangeError'{0x00000000854b0a20}: Found class java.lang.Object, but interface was expected> (0x00000000854b0a20) thrown at [t:/workspace/open/src/hotspot/share/interpreter/linkResolver.cpp, line 843]
Event: 4.660 Thread 0x000001c705477000 Exception <a 'java/lang/NoSuchMethodError'{0x00000000854f2e90}: java.lang.invoke.DirectMethodHandle$Holder.invokeStatic(Ljava/lang/Object;Ljava/lang/Object;Ljava/lang/Object;Ljava/lang/Object;Ljava/lang/Object;)V> (0x00000000854f2e90) thrown at [t:/worksp

Events (10 events):
Event: 5.043 loading class org/springframework/boot/autoconfigure/web/servlet/ConditionalOnMissingFilterBean
Event: 5.043 loading class org/springframework/boot/autoconfigure/web/servlet/ConditionalOnMissingFilterBean done
Event: 5.044 loading class kotlin/reflect/jvm/internal/impl/storage/LockBasedStorageManager$1
Event: 5.044 loading class kotlin/reflect/jvm/internal/impl/storage/LockBasedStorageManager$1 done
Event: 5.044 loading class org/springframework/boot/web/servlet/FilterRegistrationBean
Event: 5.044 loading class org/springframework/boot/web/servlet/FilterRegistrationBean done
Event: 5.045 loading class kotlin/reflect/jvm/internal/impl/storage/LockBasedStorageManager$ExceptionHandlingStrategy
Event: 5.045 loading class kotlin/reflect/jvm/internal/impl/storage/LockBasedStorageManager$ExceptionHandlingStrategy done
Event: 5.047 loading class org/springframework/boot/web/servlet/AbstractFilterRegistrationBean
Event: 5.047 loading class org/springframework/boot/web/servlet/AbstractFilterRegistrationBean done


Dynamic libraries:
0x00007ff6b4270000 - 0x00007ff6b427f000 	C:\Program Files\Java\jdk-12.0.1\bin\java.exe
0x00007ffc3cbf0000 - 0x00007ffc3cde2000 	C:\WINDOWS\SYSTEM32\ntdll.dll
0x00007ffc3c8a0000 - 0x00007ffc3c95b000 	C:\WINDOWS\System32\KERNEL32.DLL
0x00007ffc3a6b0000 - 0x00007ffc3a955000 	C:\WINDOWS\System32\KERNELBASE.dll
0x00007ffc3a960000 - 0x00007ffc3aa5d000 	C:\WINDOWS\System32\ucrtbase.dll
0x00007ffc2b150000 - 0x00007ffc2b168000 	C:\Program Files\Java\jdk-12.0.1\bin\jli.dll
0x00007ffc2b130000 - 0x00007ffc2b146000 	C:\Program Files\Java\jdk-12.0.1\bin\VCRUNTIME140.dll
0x00007ffc3beb0000 - 0x00007ffc3bf59000 	C:\WINDOWS\System32\ADVAPI32.dll
0x00007ffc3b590000 - 0x00007ffc3b62e000 	C:\WINDOWS\System32\msvcrt.dll
0x00007ffc3cb10000 - 0x00007ffc3cbab000 	C:\WINDOWS\System32\sechost.dll
0x00007ffc3c570000 - 0x00007ffc3c68f000 	C:\WINDOWS\System32\RPCRT4.dll
0x00007ffc3b040000 - 0x00007ffc3b1d9000 	C:\WINDOWS\System32\USER32.dll
0x00007ffc3abd0000 - 0x00007ffc3abf2000 	C:\WINDOWS\System32\win32u.dll
0x00007ffc3b630000 - 0x00007ffc3b65a000 	C:\WINDOWS\System32\GDI32.dll
0x00007ffc3aac0000 - 0x00007ffc3abc7000 	C:\WINDOWS\System32\gdi32full.dll
0x00007ffc2c9e0000 - 0x00007ffc2cc79000 	C:\WINDOWS\WinSxS\amd64_microsoft.windows.common-controls_6595b64144ccf1df_6.0.18898.1000_none_aac467ce6dca4d07\COMCTL32.dll
0x00007ffc3a560000 - 0x00007ffc3a5fe000 	C:\WINDOWS\System32\msvcp_win.dll
0x00007ffc3ac50000 - 0x00007ffc3af9b000 	C:\WINDOWS\System32\combase.dll
0x00007ffc3a370000 - 0x00007ffc3a3f1000 	C:\WINDOWS\System32\bcryptPrimitives.dll
0x00007ffc32cc0000 - 0x00007ffc32cca000 	C:\WINDOWS\SYSTEM32\VERSION.dll
0x00007ffc3afa0000 - 0x00007ffc3afd1000 	C:\WINDOWS\System32\IMM32.DLL
0x00007ffc174b0000 - 0x00007ffc1755a000 	C:\Program Files\Java\jdk-12.0.1\bin\msvcp140.dll
0x00007ffbf2bb0000 - 0x00007ffbf3724000 	C:\Program Files\Java\jdk-12.0.1\bin\server\jvm.dll
0x00007ffc3c960000 - 0x00007ffc3c968000 	C:\WINDOWS\System32\PSAPI.DLL
0x00007ffc186d0000 - 0x00007ffc186d9000 	C:\WINDOWS\SYSTEM32\WSOCK32.dll
0x00007ffc3c440000 - 0x00007ffc3c4ab000 	C:\WINDOWS\System32\WS2_32.dll
0x00007ffc2eac0000 - 0x00007ffc2eae7000 	C:\WINDOWS\SYSTEM32\WINMM.dll
0x00007ffc2da80000 - 0x00007ffc2daa6000 	C:\WINDOWS\SYSTEM32\winmmbase.dll
0x00007ffc3ac00000 - 0x00007ffc3ac4e000 	C:\WINDOWS\System32\cfgmgr32.dll
0x00007ffc38ed0000 - 0x00007ffc38ee2000 	C:\WINDOWS\SYSTEM32\kernel.appcore.dll
0x00007ffc2b110000 - 0x00007ffc2b121000 	C:\Program Files\Java\jdk-12.0.1\bin\verify.dll
0x00007ffc30b90000 - 0x00007ffc30d74000 	C:\WINDOWS\SYSTEM32\DBGHELP.DLL
0x00007ffc29d70000 - 0x00007ffc29d9c000 	C:\WINDOWS\SYSTEM32\dbgcore.DLL
0x00007ffc2b0e0000 - 0x00007ffc2b106000 	C:\Program Files\Java\jdk-12.0.1\bin\java.dll
0x00007ffc366f0000 - 0x00007ffc366fe000 	C:\Program Files\Java\jdk-12.0.1\bin\instrument.dll
0x00007ffc2b0c0000 - 0x00007ffc2b0d7000 	C:\Program Files\Java\jdk-12.0.1\bin\zip.dll
0x00007ffc366e0000 - 0x00007ffc366ea000 	C:\Program Files\Java\jdk-12.0.1\bin\jimage.dll
0x00007ffc3b730000 - 0x00007ffc3be15000 	C:\WINDOWS\System32\SHELL32.dll
0x00007ffc38480000 - 0x00007ffc38bf3000 	C:\WINDOWS\SYSTEM32\windows.storage.dll
0x00007ffc3c4b0000 - 0x00007ffc3c55d000 	C:\WINDOWS\System32\SHCORE.dll
0x00007ffc3c3e0000 - 0x00007ffc3c435000 	C:\WINDOWS\System32\shlwapi.dll
0x00007ffc3a260000 - 0x00007ffc3a27f000 	C:\WINDOWS\SYSTEM32\profapi.dll
0x00007ffc17ef0000 - 0x00007ffc17f09000 	C:\Program Files\Java\jdk-12.0.1\bin\net.dll
0x00007ffc2c570000 - 0x00007ffc2c66a000 	C:\WINDOWS\SYSTEM32\WINHTTP.dll
0x00007ffc2be70000 - 0x00007ffc2c057000 	C:\WINDOWS\SYSTEM32\urlmon.dll
0x00007ffc2bbc0000 - 0x00007ffc2be6b000 	C:\WINDOWS\SYSTEM32\iertutil.dll
0x00007ffc39d10000 - 0x00007ffc39d1c000 	C:\WINDOWS\SYSTEM32\CRYPTBASE.DLL
0x00007ffc39b20000 - 0x00007ffc39b8a000 	C:\WINDOWS\system32\mswsock.dll
0x00007ffc17e50000 - 0x00007ffc17e63000 	C:\Program Files\Java\jdk-12.0.1\bin\nio.dll
0x00007ffc19e70000 - 0x00007ffc19e8a000 	C:\JetBrains\apps\IDEA-U\ch-0\191.7141.44\bin\breakgen64.dll
0x00007ffc32d00000 - 0x00007ffc32d09000 	C:\Program Files\Java\jdk-12.0.1\bin\management.dll
0x00007ffc2b8c0000 - 0x00007ffc2b8cc000 	C:\Program Files\Java\jdk-12.0.1\bin\management_ext.dll
0x00007ffc217c0000 - 0x00007ffc217d7000 	C:\WINDOWS\system32\napinsp.dll
0x00007ffc217a0000 - 0x00007ffc217ba000 	C:\WINDOWS\system32\pnrpnsp.dll
0x00007ffc39820000 - 0x00007ffc398e8000 	C:\WINDOWS\SYSTEM32\DNSAPI.dll
0x00007ffc3c560000 - 0x00007ffc3c568000 	C:\WINDOWS\System32\NSI.dll
0x00007ffc397d0000 - 0x00007ffc3980c000 	C:\WINDOWS\SYSTEM32\IPHLPAPI.DLL
0x00007ffc20cc0000 - 0x00007ffc20cce000 	C:\WINDOWS\System32\winrnr.dll
0x00007ffc36590000 - 0x00007ffc365ac000 	C:\WINDOWS\system32\NLAapi.dll
0x00007ffc35a40000 - 0x00007ffc35a55000 	C:\WINDOWS\system32\wshbth.dll
0x00007ffc2b950000 - 0x00007ffc2b95a000 	C:\Windows\System32\rasadhlp.dll
0x00007ffc2c4f0000 - 0x00007ffc2c56a000 	C:\WINDOWS\System32\fwpuclnt.dll
0x00007ffc3a340000 - 0x00007ffc3a367000 	C:\WINDOWS\System32\bcrypt.dll

dbghelp: loaded successfully - version: 4.0.5 - missing functions: none
symbol engine: initialized successfully - sym options: 0x614 - pdb path: .;C:\Program Files\Java\jdk-12.0.1\bin;C:\WINDOWS\SYSTEM32;C:\WINDOWS\WinSxS\amd64_microsoft.windows.common-controls_6595b64144ccf1df_6.0.18898.1000_none_aac467ce6dca4d07;C:\Program Files\Java\jdk-12.0.1\bin\server;C:\JetBrains\apps\IDEA-U\ch-0\191.7141.44\bin

VM Arguments:
jvm_args: -javaagent:C:\JetBrains\apps\IDEA-U\ch-0\191.7141.44\lib\idea_rt.jar=51967:C:\JetBrains\apps\IDEA-U\ch-0\191.7141.44\bin -Dfile.encoding=UTF-8 
java_command: xyz.omnia96.service.ServiceApplicationKt
java_class_path (initial): C:\Users\omnia\Desktop\Demo\Kotlin\service\out\production\classes;C:\Users\omnia\Desktop\Demo\Kotlin\service\out\production\resources;C:\Users\omnia\.gradle\caches\modules-2\files-2.1\org.springframework.boot\spring-boot-starter-thymeleaf\2.1.5.RELEASE\44469b7bff6480f9c7fa40b338385acb88f9826\spring-boot-starter-thymeleaf-2.1.5.RELEASE.jar;C:\Users\omnia\.gradle\caches\modules-2\files-2.1\org.springframework.boot\spring-boot-starter-web\2.1.5.RELEASE\d46494b46a626cbd8f253066a2d7413412efc908\spring-boot-starter-web-2.1.5.RELEASE.jar;C:\Users\omnia\.gradle\caches\modules-2\files-2.1\com.fasterxml.jackson.module\jackson-module-kotlin\2.9.8\7ea1867daf999d6a3028362a0418da44b751bc13\jackson-module-kotlin-2.9.8.jar;C:\Users\omnia\.gradle\caches\modules-2\files-2.1\org.jetbrains.kotlin\kotlin-reflect\1.2.71\7512db3b3182753bd2e48ce8d345abbadc40fe6b\kotlin-reflect-1.2.71.jar;C:\Users\omnia\.gradle\caches\modules-2\files-2.1\org.jetbrains.kotlin\kotlin-stdlib-jdk8\1.2.71\5470d1f752cd342edb77e1062bac07e838d2cea4\kotlin-stdlib-jdk8-1.2.71.jar;C:\Users\omnia\.gradle\caches\modules-2\files-2.1\org.springframework.boot\spring-boot-starter-json\2.1.5.RELEASE\cf880b4a4713b2a1aea21f929df718a0260aa29\spring-boot-starter-json-2.1.5.RELEASE.jar;C:\Users\omnia\.gradle\caches\modules-2\files-2.1\org.springframework.boot\spring-boot-starter\2.1.5.RELEASE\74952d169c2da56f7794b3a88508e52005bb8f36\spring-boot-starter-2.1.5.RELEASE.jar;C:\Users\omnia\.gradle\caches\modules-2\files-2.1\org.thymeleaf\thymeleaf-spring5\3.0.11.RELEASE\de7bf0adf13b5e9c4811f95edf18279da193c0c6\thymeleaf-spring5-3.0.11.RELEASE.jar;C:\Users\omnia\.gradle\caches\modules-2\files-2.1\org.thymeleaf.extras\thymeleaf-extras-java8time\3.0.4.RELEASE\36e7175ddce36c486fff4578b5af7bb32f54f5df\thymeleaf-extras-java8time-3.0.4.RELEASE.jar;C:\Users\omnia\.gradle\caches\modules-2\files-2.1\org.springframework.boot\spring-boot-starter-tomcat\2.1.5.RELEASE\49de1c20ea6b8c6920d0a66329f9bf980e4498eb\spring-boot
Launcher Type: SUN_STANDARD

[Global flags]
     intx CICompilerCount                          = 3                                         {product} {ergonomic}
     uint ConcGCThreads                            = 1                                         {product} {ergonomic}
     uint G1ConcRefinementThreads                  = 4                                         {product} {ergonomic}
   size_t G1HeapRegionSize                         = 1048576                                   {product} {ergonomic}
    uintx GCDrainStackTargetSize                   = 64                                        {product} {ergonomic}
   size_t InitialHeapSize                          = 134217728                                 {product} {ergonomic}
   size_t MarkStackSize                            = 4194304                                   {product} {ergonomic}
   size_t MaxHeapSize                              = 2122317824                                {product} {ergonomic}
   size_t MaxNewSize                               = 1272971264                                {product} {ergonomic}
   size_t MinHeapDeltaBytes                        = 1048576                                   {product} {ergonomic}
    uintx NonNMethodCodeHeapSize                   = 5830732                                {pd product} {ergonomic}
    uintx NonProfiledCodeHeapSize                  = 122913754                              {pd product} {ergonomic}
    uintx ProfiledCodeHeapSize                     = 122913754                              {pd product} {ergonomic}
    uintx ReservedCodeCacheSize                    = 251658240                              {pd product} {ergonomic}
     bool SegmentedCodeCache                       = true                                      {product} {ergonomic}
     bool UseCompressedClassPointers               = true                                 {lp64_product} {ergonomic}
     bool UseCompressedOops                        = true                                 {lp64_product} {ergonomic}
     bool UseG1GC                                  = true                                      {product} {ergonomic}
     bool UseLargePagesIndividualAllocation        = false                                  {pd product} {ergonomic}

Logging:
Log output configuration:
 #0: stdout all=warning uptime,level,tags
 #1: stderr all=off uptime,level,tags

Environment Variables:
JAVA_HOME=C:\Program Files\Java\jdk-12.0.1
CLASSPATH=.;C:\Program Files\Java\jdk-12.0.1\lib\dt.jar;C:\Program Files\Java\jdk-12.0.1\lib\tools.jar;c:\junit\;c:\junit\junit.jar;¡±
PATH=C:\Program Files (x86)\Intel\iCLS Client\;C:\Program Files\Intel\iCLS Client\;C:\windows\system32;C:\windows;C:\windows\System32\Wbem;C:\windows\System32\WindowsPowerShell\v1.0\;C:\Program Files (x86)\NVIDIA Corporation\PhysX\Common;C:\Program Files (x86)\OpenVPN\bin;C:\Program Files (x86)\Intel\Intel(R) Management Engine Components\DAL;C:\Program Files\Intel\Intel(R) Management Engine Components\DAL;C:\Program Files (x86)\Intel\Intel(R) Management Engine Components\IPT;C:\Program Files\Intel\Intel(R) Management Engine Components\IPT;C:\WINDOWS\system32;C:\WINDOWS;C:\WINDOWS\System32\Wbem;C:\WINDOWS\System32\WindowsPowerShell\v1.0\;C:\Program Files (x86)\GtkSharp\2.12\bin;C:\Program Files\Microsoft SQL Server\130\Tools\Binn\;C:\Program Files (x86)\Microsoft SQL Server\Client SDK\ODBC\130\Tools\Binn\;C:\Program Files (x86)\Microsoft SQL Server\140\Tools\Binn\;C:\Program Files (x86)\Microsoft SQL Server\140\DTS\Binn\;C:\Program Files (x86)\Microsoft SQL Server\140\Tools\Binn\ManagementStudio\;C:\Program Files\dotnet\;C:\WINDOWS\System32\OpenSSH\;C:\Program Files\Common Files\Autodesk Shared\;C:\Program Files\Microsoft SQL Server\Client SDK\ODBC\130\Tools\Binn\;C:\Program Files\Microsoft SQL Server\140\Tools\Binn\;C:\Program Files\Microsoft SQL Server\140\DTS\Binn\;C:\Program Files\Microsoft VS Code\bin;C:\Program Files\Dart\dart-sdk\bin;C:\Program Files\nodejs\;C:\Program Files\NVIDIA Corporation\NVIDIA NvDLISR;C:\WINDOWS\system32;C:\WINDOWS;C:\WINDOWS\System32\Wbem;C:\WINDOWS\System32\WindowsPowerShell\v1.0\;C:\WINDOWS\System32\OpenSSH\;C:\Program Files\Git\cmd;C:\Program Files\Microsoft SQL Server\Client SDK\ODBC\170\Tools\Binn\;C:\gradle\gradle-5.4.1\bin;C:\Program Files\Java\jdk-12.0.1\bin;C:\Python37\Scripts\;C:\Python37\;C:\Program Files\Microsoft VS Code\bin;C:\Users\omnia\AppData\Local\Microsoft\WindowsApps;C:\Users\omnia\AppData\Roaming\npm;C:\Program Files\nodejs;C:\Android\android-sdk\platform-tools;C:\flutter\bin;%USERPROFILE%\AppData\Local\Microsoft\Win
USERNAME=omnia
OS=Windows_NT
PROCESSOR_IDENTIFIER=Intel64 Family 6 Model 61 Stepping 4, GenuineIntel



---------------  S Y S T E M  ---------------

OS: Windows 10 , 64 bit Build 18898 (10.0.18898.1000)

CPU:total 4 (initial active 4) (2 cores per cpu, 2 threads per core) family 6 model 61 stepping 4, cmov, cx8, fxsr, mmx, sse, sse2, sse3, ssse3, sse4.1, sse4.2, popcnt, avx, avx2, aes, clmul, erms, 3dnowpref, lzcnt, ht, tsc, tscinvbit, bmi1, bmi2, adx, fma

Memory: 4k page, system-wide physical 8090M (581M free)
TotalPageFile size 10138M (AvailPageFile size 5M)
current process WorkingSet (physical memory assigned to process): 186M, peak: 186M
current process commit charge ("private bytes"): 261M, peak: 261M

vm_info: Java HotSpot(TM) 64-Bit Server VM (12.0.1+12) for windows-amd64 JRE (12.0.1+12), built on Apr  2 2019 14:02:19 by "mach5one" with MS VC++ 15.5 (VS2017)

END.
